Tipo: inteiro
	Variavel: b global 1 1
	Tipo: inteiro
		Funcao: gcd
			Tipo: inteiro
				Parametro: u gcd 1
			Tipo: inteiro
				Parametro: v gcd 1
			If
				Operacao: Simbolo: ==
					ID: v
					Constante: 0
				Return
					ID: u
				Return
					Chamada de Funcao: gcd 
						ID: v
						Operacao: Simbolo: -
							ID: u
							Operacao: Simbolo: *
								Operacao: Simbolo: /
									ID: u
									ID: v
								ID: v
		Tipo: void
			Funcao: main
				Tipo: inteiro
					Variavel: x main 1 1
				Tipo: inteiro
					Variavel: y main 1 1
				Tipo: vetor inteiro
					Variavel: z main 2 10
				Atribuicao
					Vetor: z
						Constante: 1
					Constante: 10
				Atribuicao
					ID: x
					Constante: 100
				Atribuicao
					ID: y
					Constante: 25
				Chamada de Funcao: output 
					Chamada de Funcao: gcd 
						ID: x
						ID: y
