Analysis & Synthesis report for Unidade_controle
Tue Aug 17 14:48:10 2021
Quartus Prime Version 19.1.0 Build 670 09/22/2019 SJ Lite Edition


---------------------
; Table of Contents ;
---------------------
  1. Legal Notice
  2. Analysis & Synthesis Summary
  3. Analysis & Synthesis Settings
  4. Parallel Compilation
  5. Analysis & Synthesis Source Files Read
  6. Analysis & Synthesis Resource Usage Summary
  7. Analysis & Synthesis Resource Utilization by Entity
  8. User-Specified and Inferred Latches
  9. General Register Statistics
 10. Post-Synthesis Netlist Statistics for Top Partition
 11. Elapsed Time Per Partition
 12. Analysis & Synthesis Messages



----------------
; Legal Notice ;
----------------
Copyright (C) 2019  Intel Corporation. All rights reserved.
Your use of Intel Corporation's design tools, logic functions 
and other software and tools, and any partner logic 
functions, and any output files from any of the foregoing 
(including device programming or simulation files), and any 
associated documentation or information are expressly subject 
to the terms and conditions of the Intel Program License 
Subscription Agreement, the Intel Quartus Prime License Agreement,
the Intel FPGA IP License Agreement, or other applicable license
agreement, including, without limitation, that your use is for
the sole purpose of programming logic devices manufactured by
Intel and sold by Intel or its authorized distributors.  Please
refer to the applicable agreement for further details, at
https://fpgasoftware.intel.com/eula.



+----------------------------------------------------------------------------------+
; Analysis & Synthesis Summary                                                     ;
+------------------------------------+---------------------------------------------+
; Analysis & Synthesis Status        ; Successful - Tue Aug 17 14:48:10 2021       ;
; Quartus Prime Version              ; 19.1.0 Build 670 09/22/2019 SJ Lite Edition ;
; Revision Name                      ; Unidade_controle                            ;
; Top-level Entity Name              ; Unidade_controle                            ;
; Family                             ; Cyclone IV E                                ;
; Total logic elements               ; 22                                          ;
;     Total combinational functions  ; 22                                          ;
;     Dedicated logic registers      ; 0                                           ;
; Total registers                    ; 0                                           ;
; Total pins                         ; 19                                          ;
; Total virtual pins                 ; 0                                           ;
; Total memory bits                  ; 0                                           ;
; Embedded Multiplier 9-bit elements ; 0                                           ;
; Total PLLs                         ; 0                                           ;
+------------------------------------+---------------------------------------------+


+------------------------------------------------------------------------------------------------------------+
; Analysis & Synthesis Settings                                                                              ;
+------------------------------------------------------------------+--------------------+--------------------+
; Option                                                           ; Setting            ; Default Value      ;
+------------------------------------------------------------------+--------------------+--------------------+
; Device                                                           ; EP4CE115F29C7      ;                    ;
; Top-level entity name                                            ; Unidade_controle   ; Unidade_controle   ;
; Family name                                                      ; Cyclone IV E       ; Cyclone V          ;
; Use smart compilation                                            ; Off                ; Off                ;
; Enable parallel Assembler and Timing Analyzer during compilation ; On                 ; On                 ;
; Enable compact report table                                      ; Off                ; Off                ;
; Restructure Multiplexers                                         ; Auto               ; Auto               ;
; Create Debugging Nodes for IP Cores                              ; Off                ; Off                ;
; Preserve fewer node names                                        ; On                 ; On                 ;
; Intel FPGA IP Evaluation Mode                                    ; Enable             ; Enable             ;
; Verilog Version                                                  ; Verilog_2001       ; Verilog_2001       ;
; VHDL Version                                                     ; VHDL_1993          ; VHDL_1993          ;
; State Machine Processing                                         ; Auto               ; Auto               ;
; Safe State Machine                                               ; Off                ; Off                ;
; Extract Verilog State Machines                                   ; On                 ; On                 ;
; Extract VHDL State Machines                                      ; On                 ; On                 ;
; Ignore Verilog initial constructs                                ; Off                ; Off                ;
; Iteration limit for constant Verilog loops                       ; 5000               ; 5000               ;
; Iteration limit for non-constant Verilog loops                   ; 250                ; 250                ;
; Add Pass-Through Logic to Inferred RAMs                          ; On                 ; On                 ;
; Infer RAMs from Raw Logic                                        ; On                 ; On                 ;
; Parallel Synthesis                                               ; On                 ; On                 ;
; DSP Block Balancing                                              ; Auto               ; Auto               ;
; NOT Gate Push-Back                                               ; On                 ; On                 ;
; Power-Up Don't Care                                              ; On                 ; On                 ;
; Remove Redundant Logic Cells                                     ; Off                ; Off                ;
; Remove Duplicate Registers                                       ; On                 ; On                 ;
; Ignore CARRY Buffers                                             ; Off                ; Off                ;
; Ignore CASCADE Buffers                                           ; Off                ; Off                ;
; Ignore GLOBAL Buffers                                            ; Off                ; Off                ;
; Ignore ROW GLOBAL Buffers                                        ; Off                ; Off                ;
; Ignore LCELL Buffers                                             ; Off                ; Off                ;
; Ignore SOFT Buffers                                              ; On                 ; On                 ;
; Limit AHDL Integers to 32 Bits                                   ; Off                ; Off                ;
; Optimization Technique                                           ; Balanced           ; Balanced           ;
; Carry Chain Length                                               ; 70                 ; 70                 ;
; Auto Carry Chains                                                ; On                 ; On                 ;
; Auto Open-Drain Pins                                             ; On                 ; On                 ;
; Perform WYSIWYG Primitive Resynthesis                            ; Off                ; Off                ;
; Auto ROM Replacement                                             ; On                 ; On                 ;
; Auto RAM Replacement                                             ; On                 ; On                 ;
; Auto DSP Block Replacement                                       ; On                 ; On                 ;
; Auto Shift Register Replacement                                  ; Auto               ; Auto               ;
; Allow Shift Register Merging across Hierarchies                  ; Auto               ; Auto               ;
; Auto Clock Enable Replacement                                    ; On                 ; On                 ;
; Strict RAM Replacement                                           ; Off                ; Off                ;
; Allow Synchronous Control Signals                                ; On                 ; On                 ;
; Force Use of Synchronous Clear Signals                           ; Off                ; Off                ;
; Auto RAM Block Balancing                                         ; On                 ; On                 ;
; Auto RAM to Logic Cell Conversion                                ; Off                ; Off                ;
; Auto Resource Sharing                                            ; Off                ; Off                ;
; Allow Any RAM Size For Recognition                               ; Off                ; Off                ;
; Allow Any ROM Size For Recognition                               ; Off                ; Off                ;
; Allow Any Shift Register Size For Recognition                    ; Off                ; Off                ;
; Use LogicLock Constraints during Resource Balancing              ; On                 ; On                 ;
; Ignore translate_off and synthesis_off directives                ; Off                ; Off                ;
; Timing-Driven Synthesis                                          ; On                 ; On                 ;
; Report Parameter Settings                                        ; On                 ; On                 ;
; Report Source Assignments                                        ; On                 ; On                 ;
; Report Connectivity Checks                                       ; On                 ; On                 ;
; Ignore Maximum Fan-Out Assignments                               ; Off                ; Off                ;
; Synchronization Register Chain Length                            ; 2                  ; 2                  ;
; Power Optimization During Synthesis                              ; Normal compilation ; Normal compilation ;
; HDL message level                                                ; Level2             ; Level2             ;
; Suppress Register Optimization Related Messages                  ; Off                ; Off                ;
; Number of Removed Registers Reported in Synthesis Report         ; 5000               ; 5000               ;
; Number of Swept Nodes Reported in Synthesis Report               ; 5000               ; 5000               ;
; Number of Inverted Registers Reported in Synthesis Report        ; 100                ; 100                ;
; Clock MUX Protection                                             ; On                 ; On                 ;
; Auto Gated Clock Conversion                                      ; Off                ; Off                ;
; Block Design Naming                                              ; Auto               ; Auto               ;
; SDC constraint protection                                        ; Off                ; Off                ;
; Synthesis Effort                                                 ; Auto               ; Auto               ;
; Shift Register Replacement - Allow Asynchronous Clear Signal     ; On                 ; On                 ;
; Pre-Mapping Resynthesis Optimization                             ; Off                ; Off                ;
; Analysis & Synthesis Message Level                               ; Medium             ; Medium             ;
; Disable Register Merging Across Hierarchies                      ; Auto               ; Auto               ;
; Resource Aware Inference For Block RAM                           ; On                 ; On                 ;
+------------------------------------------------------------------+--------------------+--------------------+


+------------------------------------------+
; Parallel Compilation                     ;
+----------------------------+-------------+
; Processors                 ; Number      ;
+----------------------------+-------------+
; Number detected on machine ; 4           ;
; Maximum allowed            ; 2           ;
;                            ;             ;
; Average used               ; 1.00        ;
; Maximum used               ; 2           ;
;                            ;             ;
; Usage by Processor         ; % Time Used ;
;     Processor 1            ; 100.0%      ;
;     Processor 2            ;   0.0%      ;
+----------------------------+-------------+


+---------------------------------------------------------------------------------------------------------------------------------------------------------+
; Analysis & Synthesis Source Files Read                                                                                                                  ;
+----------------------------------+-----------------+------------------------+-----------------------------------------------------------------+---------+
; File Name with User-Entered Path ; Used in Netlist ; File Type              ; File Name with Absolute Path                                    ; Library ;
+----------------------------------+-----------------+------------------------+-----------------------------------------------------------------+---------+
; Unidade_controle.v               ; yes             ; User Verilog HDL File  ; /home/leoenne/Documentos/LAB_Comp/Verilog/UC/Unidade_controle.v ;         ;
+----------------------------------+-----------------+------------------------+-----------------------------------------------------------------+---------+


+--------------------------------------------------------------+
; Analysis & Synthesis Resource Usage Summary                  ;
+---------------------------------------------+----------------+
; Resource                                    ; Usage          ;
+---------------------------------------------+----------------+
; Estimated Total logic elements              ; 22             ;
;                                             ;                ;
; Total combinational functions               ; 22             ;
; Logic element usage by number of LUT inputs ;                ;
;     -- 4 input functions                    ; 7              ;
;     -- 3 input functions                    ; 13             ;
;     -- <=2 input functions                  ; 2              ;
;                                             ;                ;
; Logic elements by mode                      ;                ;
;     -- normal mode                          ; 22             ;
;     -- arithmetic mode                      ; 0              ;
;                                             ;                ;
; Total registers                             ; 0              ;
;     -- Dedicated logic registers            ; 0              ;
;     -- I/O registers                        ; 0              ;
;                                             ;                ;
; I/O pins                                    ; 19             ;
;                                             ;                ;
; Embedded Multiplier 9-bit elements          ; 0              ;
;                                             ;                ;
; Maximum fan-out node                        ; Instr[2]~input ;
; Maximum fan-out                             ; 9              ;
; Total fan-out                               ; 99             ;
; Average fan-out                             ; 1.65           ;
+---------------------------------------------+----------------+


+---------------------------------------------------------------------------------------------------------------------------------------------------------------------------------------------------------------+
; Analysis & Synthesis Resource Utilization by Entity                                                                                                                                                           ;
+----------------------------+---------------------+---------------------------+-------------+--------------+---------+-----------+------+--------------+---------------------+------------------+--------------+
; Compilation Hierarchy Node ; Combinational ALUTs ; Dedicated Logic Registers ; Memory Bits ; DSP Elements ; DSP 9x9 ; DSP 18x18 ; Pins ; Virtual Pins ; Full Hierarchy Name ; Entity Name      ; Library Name ;
+----------------------------+---------------------+---------------------------+-------------+--------------+---------+-----------+------+--------------+---------------------+------------------+--------------+
; |Unidade_controle          ; 22 (22)             ; 0 (0)                     ; 0           ; 0            ; 0       ; 0         ; 19   ; 0            ; |Unidade_controle   ; Unidade_controle ; work         ;
+----------------------------+---------------------+---------------------------+-------------+--------------+---------+-----------+------+--------------+---------------------+------------------+--------------+
Note: For table entries with two numbers listed, the numbers in parentheses indicate the number of resources of the given type used by the specific entity alone. The numbers listed outside of parentheses indicate the total resources of the given type used by the specific entity and all of its sub-entities in the hierarchy.


+---------------------------------------------------------------------------------------------------+
; User-Specified and Inferred Latches                                                               ;
+----------------------------------------------------+---------------------+------------------------+
; Latch Name                                         ; Latch Enable Signal ; Free of Timing Hazards ;
+----------------------------------------------------+---------------------+------------------------+
; ControleUla[0]$latch                               ; Mux5                ; yes                    ;
; ControleUla[1]$latch                               ; Mux5                ; yes                    ;
; ControleUla[2]$latch                               ; Mux5                ; yes                    ;
; ControleUla[3]$latch                               ; Mux5                ; yes                    ;
; ControleUla[4]$latch                               ; Mux5                ; yes                    ;
; SinalMux[0]$latch                                  ; Mux5                ; yes                    ;
; Sdadoext$latch                                     ; WideOr6             ; yes                    ;
; Smuxula$latch                                      ; WideOr2             ; yes                    ;
; SelPC$latch                                        ; WideOr3             ; yes                    ;
; Number of user-specified and inferred latches = 9  ;                     ;                        ;
+----------------------------------------------------+---------------------+------------------------+
Note: All latches listed above may not be present at the end of synthesis due to various synthesis optimizations.


+------------------------------------------------------+
; General Register Statistics                          ;
+----------------------------------------------+-------+
; Statistic                                    ; Value ;
+----------------------------------------------+-------+
; Total registers                              ; 0     ;
; Number of registers using Synchronous Clear  ; 0     ;
; Number of registers using Synchronous Load   ; 0     ;
; Number of registers using Asynchronous Clear ; 0     ;
; Number of registers using Asynchronous Load  ; 0     ;
; Number of registers using Clock Enable       ; 0     ;
; Number of registers using Preset             ; 0     ;
+----------------------------------------------+-------+


+-----------------------------------------------------+
; Post-Synthesis Netlist Statistics for Top Partition ;
+-----------------------+-----------------------------+
; Type                  ; Count                       ;
+-----------------------+-----------------------------+
; boundary_port         ; 19                          ;
; cycloneiii_lcell_comb ; 24                          ;
;     normal            ; 24                          ;
;         0 data inputs ; 2                           ;
;         2 data inputs ; 2                           ;
;         3 data inputs ; 13                          ;
;         4 data inputs ; 7                           ;
;                       ;                             ;
; Max LUT depth         ; 3.00                        ;
; Average LUT depth     ; 2.37                        ;
+-----------------------+-----------------------------+


+-------------------------------+
; Elapsed Time Per Partition    ;
+----------------+--------------+
; Partition Name ; Elapsed Time ;
+----------------+--------------+
; Top            ; 00:00:01     ;
+----------------+--------------+


+-------------------------------+
; Analysis & Synthesis Messages ;
+-------------------------------+
Info: *******************************************************************
Info: Running Quartus Prime Analysis & Synthesis
    Info: Version 19.1.0 Build 670 09/22/2019 SJ Lite Edition
    Info: Processing started: Tue Aug 17 14:47:56 2021
Info: Command: quartus_map --read_settings_files=on --write_settings_files=off Unidade_controle -c Unidade_controle
Warning (18236): Number of processors has not been specified which may cause overloading on shared machines.  Set the global assignment NUM_PARALLEL_PROCESSORS in your QSF to an appropriate value for best performance.
Info (20030): Parallel compilation is enabled and will use 2 of the 2 processors detected
Info (12021): Found 1 design units, including 1 entities, in source file Unidade_controle.v
    Info (12023): Found entity 1: Unidade_controle File: /home/leoenne/Documentos/LAB_Comp/Verilog/UC/Unidade_controle.v Line: 1
Info (12127): Elaborating entity "Unidade_controle" for the top level hierarchy
Warning (10240): Verilog HDL Always Construct warning at Unidade_controle.v(13): inferring latch(es) for variable "NotFound", which holds its previous value in one or more paths through the always construct File: /home/leoenne/Documentos/LAB_Comp/Verilog/UC/Unidade_controle.v Line: 13
Warning (10240): Verilog HDL Always Construct warning at Unidade_controle.v(13): inferring latch(es) for variable "ControleUla", which holds its previous value in one or more paths through the always construct File: /home/leoenne/Documentos/LAB_Comp/Verilog/UC/Unidade_controle.v Line: 13
Warning (10240): Verilog HDL Always Construct warning at Unidade_controle.v(13): inferring latch(es) for variable "SinalMux", which holds its previous value in one or more paths through the always construct File: /home/leoenne/Documentos/LAB_Comp/Verilog/UC/Unidade_controle.v Line: 13
Warning (10240): Verilog HDL Always Construct warning at Unidade_controle.v(13): inferring latch(es) for variable "SelPC", which holds its previous value in one or more paths through the always construct File: /home/leoenne/Documentos/LAB_Comp/Verilog/UC/Unidade_controle.v Line: 13
Warning (10240): Verilog HDL Always Construct warning at Unidade_controle.v(13): inferring latch(es) for variable "regSinalEscritaMem", which holds its previous value in one or more paths through the always construct File: /home/leoenne/Documentos/LAB_Comp/Verilog/UC/Unidade_controle.v Line: 13
Warning (10240): Verilog HDL Always Construct warning at Unidade_controle.v(13): inferring latch(es) for variable "Smuxula", which holds its previous value in one or more paths through the always construct File: /home/leoenne/Documentos/LAB_Comp/Verilog/UC/Unidade_controle.v Line: 13
Warning (10240): Verilog HDL Always Construct warning at Unidade_controle.v(13): inferring latch(es) for variable "Sdadoext", which holds its previous value in one or more paths through the always construct File: /home/leoenne/Documentos/LAB_Comp/Verilog/UC/Unidade_controle.v Line: 13
Warning (10240): Verilog HDL Always Construct warning at Unidade_controle.v(13): inferring latch(es) for variable "SinalEscritaReg", which holds its previous value in one or more paths through the always construct File: /home/leoenne/Documentos/LAB_Comp/Verilog/UC/Unidade_controle.v Line: 13
Warning (10240): Verilog HDL Always Construct warning at Unidade_controle.v(13): inferring latch(es) for variable "Sdesv", which holds its previous value in one or more paths through the always construct File: /home/leoenne/Documentos/LAB_Comp/Verilog/UC/Unidade_controle.v Line: 13
Info (10041): Inferred latch for "Sdesv" at Unidade_controle.v(13) File: /home/leoenne/Documentos/LAB_Comp/Verilog/UC/Unidade_controle.v Line: 13
Info (10041): Inferred latch for "SinalEscritaReg" at Unidade_controle.v(13) File: /home/leoenne/Documentos/LAB_Comp/Verilog/UC/Unidade_controle.v Line: 13
Info (10041): Inferred latch for "Sdadoext" at Unidade_controle.v(13) File: /home/leoenne/Documentos/LAB_Comp/Verilog/UC/Unidade_controle.v Line: 13
Info (10041): Inferred latch for "Smuxula" at Unidade_controle.v(13) File: /home/leoenne/Documentos/LAB_Comp/Verilog/UC/Unidade_controle.v Line: 13
Info (10041): Inferred latch for "regSinalEscritaMem" at Unidade_controle.v(13) File: /home/leoenne/Documentos/LAB_Comp/Verilog/UC/Unidade_controle.v Line: 13
Info (10041): Inferred latch for "SelPC" at Unidade_controle.v(13) File: /home/leoenne/Documentos/LAB_Comp/Verilog/UC/Unidade_controle.v Line: 13
Info (10041): Inferred latch for "SinalMux[0]" at Unidade_controle.v(13) File: /home/leoenne/Documentos/LAB_Comp/Verilog/UC/Unidade_controle.v Line: 13
Info (10041): Inferred latch for "SinalMux[1]" at Unidade_controle.v(13) File: /home/leoenne/Documentos/LAB_Comp/Verilog/UC/Unidade_controle.v Line: 13
Info (10041): Inferred latch for "ControleUla[0]" at Unidade_controle.v(13) File: /home/leoenne/Documentos/LAB_Comp/Verilog/UC/Unidade_controle.v Line: 13
Info (10041): Inferred latch for "ControleUla[1]" at Unidade_controle.v(13) File: /home/leoenne/Documentos/LAB_Comp/Verilog/UC/Unidade_controle.v Line: 13
Info (10041): Inferred latch for "ControleUla[2]" at Unidade_controle.v(13) File: /home/leoenne/Documentos/LAB_Comp/Verilog/UC/Unidade_controle.v Line: 13
Info (10041): Inferred latch for "ControleUla[3]" at Unidade_controle.v(13) File: /home/leoenne/Documentos/LAB_Comp/Verilog/UC/Unidade_controle.v Line: 13
Info (10041): Inferred latch for "ControleUla[4]" at Unidade_controle.v(13) File: /home/leoenne/Documentos/LAB_Comp/Verilog/UC/Unidade_controle.v Line: 13
Info (10041): Inferred latch for "NotFound" at Unidade_controle.v(13) File: /home/leoenne/Documentos/LAB_Comp/Verilog/UC/Unidade_controle.v Line: 13
Warning (13012): Latch ControleUla[0]$latch has unsafe behavior File: /home/leoenne/Documentos/LAB_Comp/Verilog/UC/Unidade_controle.v Line: 13
    Warning (13013): Ports D and ENA on the latch are fed by the same signal Instr[0] File: /home/leoenne/Documentos/LAB_Comp/Verilog/UC/Unidade_controle.v Line: 3
Warning (13012): Latch ControleUla[1]$latch has unsafe behavior File: /home/leoenne/Documentos/LAB_Comp/Verilog/UC/Unidade_controle.v Line: 13
    Warning (13013): Ports D and ENA on the latch are fed by the same signal Instr[1] File: /home/leoenne/Documentos/LAB_Comp/Verilog/UC/Unidade_controle.v Line: 3
Warning (13012): Latch ControleUla[2]$latch has unsafe behavior File: /home/leoenne/Documentos/LAB_Comp/Verilog/UC/Unidade_controle.v Line: 13
    Warning (13013): Ports D and ENA on the latch are fed by the same signal Instr[2] File: /home/leoenne/Documentos/LAB_Comp/Verilog/UC/Unidade_controle.v Line: 3
Warning (13012): Latch ControleUla[3]$latch has unsafe behavior File: /home/leoenne/Documentos/LAB_Comp/Verilog/UC/Unidade_controle.v Line: 13
    Warning (13013): Ports D and ENA on the latch are fed by the same signal Instr[3] File: /home/leoenne/Documentos/LAB_Comp/Verilog/UC/Unidade_controle.v Line: 3
Warning (13012): Latch ControleUla[4]$latch has unsafe behavior File: /home/leoenne/Documentos/LAB_Comp/Verilog/UC/Unidade_controle.v Line: 13
    Warning (13013): Ports D and ENA on the latch are fed by the same signal Instr[4] File: /home/leoenne/Documentos/LAB_Comp/Verilog/UC/Unidade_controle.v Line: 3
Warning (13012): Latch SinalMux[0]$latch has unsafe behavior File: /home/leoenne/Documentos/LAB_Comp/Verilog/UC/Unidade_controle.v Line: 13
    Warning (13013): Ports D and ENA on the latch are fed by the same signal Instr[4] File: /home/leoenne/Documentos/LAB_Comp/Verilog/UC/Unidade_controle.v Line: 3
Warning (13012): Latch Sdadoext$latch has unsafe behavior File: /home/leoenne/Documentos/LAB_Comp/Verilog/UC/Unidade_controle.v Line: 13
    Warning (13013): Ports D and ENA on the latch are fed by the same signal Instr[4] File: /home/leoenne/Documentos/LAB_Comp/Verilog/UC/Unidade_controle.v Line: 3
Warning (13012): Latch Smuxula$latch has unsafe behavior File: /home/leoenne/Documentos/LAB_Comp/Verilog/UC/Unidade_controle.v Line: 13
    Warning (13013): Ports D and ENA on the latch are fed by the same signal Instr[4] File: /home/leoenne/Documentos/LAB_Comp/Verilog/UC/Unidade_controle.v Line: 3
Warning (13012): Latch SelPC$latch has unsafe behavior File: /home/leoenne/Documentos/LAB_Comp/Verilog/UC/Unidade_controle.v Line: 13
    Warning (13013): Ports D and ENA on the latch are fed by the same signal Instr[4] File: /home/leoenne/Documentos/LAB_Comp/Verilog/UC/Unidade_controle.v Line: 3
Warning (13024): Output pins are stuck at VCC or GND
    Warning (13410): Pin "SinalMux[1]" is stuck at GND File: /home/leoenne/Documentos/LAB_Comp/Verilog/UC/Unidade_controle.v Line: 13
    Warning (13410): Pin "regSinalEscritaMem" is stuck at VCC File: /home/leoenne/Documentos/LAB_Comp/Verilog/UC/Unidade_controle.v Line: 7
    Warning (13410): Pin "SinalEscritaReg" is stuck at VCC File: /home/leoenne/Documentos/LAB_Comp/Verilog/UC/Unidade_controle.v Line: 7
    Warning (13410): Pin "Sdesv" is stuck at VCC File: /home/leoenne/Documentos/LAB_Comp/Verilog/UC/Unidade_controle.v Line: 8
    Warning (13410): Pin "NotFound" is stuck at VCC File: /home/leoenne/Documentos/LAB_Comp/Verilog/UC/Unidade_controle.v Line: 10
Info (286030): Timing-Driven Synthesis is running
Info (16010): Generating hard_block partition "hard_block:auto_generated_inst"
    Info (16011): Adding 0 node(s), including 0 DDIO, 0 PLL, 0 transceiver and 0 LCELL
Info (21057): Implemented 41 device resources after synthesis - the final resource count might be different
    Info (21058): Implemented 5 input pins
    Info (21059): Implemented 14 output pins
    Info (21061): Implemented 22 logic cells
Info: Quartus Prime Analysis & Synthesis was successful. 0 errors, 34 warnings
    Info: Peak virtual memory: 922 megabytes
    Info: Processing ended: Tue Aug 17 14:48:10 2021
    Info: Elapsed time: 00:00:14
    Info: Total CPU time (on all processors): 00:00:33


